<?xml version="1.0" encoding="UTF-8"?>
<testsuite name="com.example.cicd.CiCdApplicationTests" tests="1" skipped="0" failures="0" errors="0" timestamp="2023-03-26T10:48:32" hostname="gimmyeonghyeon-ui-MacBookAir.local" time="0.47">
  <properties/>
  <testcase name="contextLoads()" classname="com.example.cicd.CiCdApplicationTests" time="0.47"/>
  <system-out><![CDATA[19:48:23.812 [Test worker] DEBUG org.springframework.test.context.BootstrapUtils - Instantiating CacheAwareContextLoaderDelegate from class [org.springframework.test.context.cache.DefaultCacheAwareContextLoaderDelegate]
19:48:23.830 [Test worker] DEBUG org.springframework.test.context.BootstrapUtils - Instantiating BootstrapContext using constructor [public org.springframework.test.context.support.DefaultBootstrapContext(java.lang.Class,org.springframework.test.context.CacheAwareContextLoaderDelegate)]
19:48:23.917 [Test worker] DEBUG org.springframework.test.context.BootstrapUtils - Instantiating TestContextBootstrapper for test class [com.example.cicd.CiCdApplicationTests] from class [org.springframework.boot.test.context.SpringBootTestContextBootstrapper]
19:48:23.938 [Test worker] INFO org.springframework.boot.test.context.SpringBootTestContextBootstrapper - Neither @ContextConfiguration nor @ContextHierarchy found for test class [com.example.cicd.CiCdApplicationTests], using SpringBootContextLoader
19:48:23.945 [Test worker] DEBUG org.springframework.test.context.support.AbstractContextLoader - Did not detect default resource location for test class [com.example.cicd.CiCdApplicationTests]: class path resource [com/example/cicd/CiCdApplicationTests-context.xml] does not exist
19:48:23.946 [Test worker] DEBUG org.springframework.test.context.support.AbstractContextLoader - Did not detect default resource location for test class [com.example.cicd.CiCdApplicationTests]: class path resource [com/example/cicd/CiCdApplicationTestsContext.groovy] does not exist
19:48:23.946 [Test worker] INFO org.springframework.test.context.support.AbstractContextLoader - Could not detect default resource locations for test class [com.example.cicd.CiCdApplicationTests]: no resource found for suffixes {-context.xml, Context.groovy}.
19:48:24.036 [Test worker] DEBUG org.springframework.test.context.support.ActiveProfilesUtils - Could not find an 'annotation declaring class' for annotation type [org.springframework.test.context.ActiveProfiles] and class [com.example.cicd.CiCdApplicationTests]
19:48:24.229 [Test worker] DEBUG org.springframework.boot.test.context.SpringBootTestContextBootstrapper - @TestExecutionListeners is not present for class [com.example.cicd.CiCdApplicationTests]: using defaults.
19:48:24.230 [Test worker] INFO org.springframework.boot.test.context.SpringBootTestContextBootstrapper - Loaded default TestExecutionListener class names from location [META-INF/spring.factories]: [org.springframework.boot.test.autoconfigure.restdocs.RestDocsTestExecutionListener, org.springframework.boot.test.autoconfigure.web.client.MockRestServiceServerResetTestExecutionListener, org.springframework.boot.test.autoconfigure.web.servlet.MockMvcPrintOnlyOnFailureTestExecutionListener, org.springframework.boot.test.autoconfigure.web.servlet.WebDriverTestExecutionListener, org.springframework.boot.test.autoconfigure.webservices.client.MockWebServiceServerTestExecutionListener, org.springframework.boot.test.mock.mockito.MockitoTestExecutionListener, org.springframework.boot.test.mock.mockito.ResetMocksTestExecutionListener, org.springframework.test.context.web.ServletTestExecutionListener, org.springframework.test.context.support.DirtiesContextBeforeModesTestExecutionListener, org.springframework.test.context.event.ApplicationEventsTestExecutionListener, org.springframework.test.context.support.DependencyInjectionTestExecutionListener, org.springframework.test.context.support.DirtiesContextTestExecutionListener, org.springframework.test.context.transaction.TransactionalTestExecutionListener, org.springframework.test.context.jdbc.SqlScriptsTestExecutionListener, org.springframework.test.context.event.EventPublishingTestExecutionListener]
19:48:24.248 [Test worker] INFO org.springframework.boot.test.context.SpringBootTestContextBootstrapper - Using TestExecutionListeners: [org.springframework.test.context.web.ServletTestExecutionListener@3f792b9b, org.springframework.test.context.support.DirtiesContextBeforeModesTestExecutionListener@7b8233cd, org.springframework.test.context.event.ApplicationEventsTestExecutionListener@4b20ca2b, org.springframework.boot.test.mock.mockito.MockitoTestExecutionListener@1cbf6e72, org.springframework.boot.test.autoconfigure.SpringBootDependencyInjectionTestExecutionListener@6aecbb8d, org.springframework.test.context.support.DirtiesContextTestExecutionListener@1af146, org.springframework.test.context.transaction.TransactionalTestExecutionListener@4da602fc, org.springframework.test.context.jdbc.SqlScriptsTestExecutionListener@2a8d39c4, org.springframework.test.context.event.EventPublishingTestExecutionListener@25b2cfcb, org.springframework.boot.test.autoconfigure.restdocs.RestDocsTestExecutionListener@72758afa, org.springframework.boot.test.autoconfigure.web.client.MockRestServiceServerResetTestExecutionListener@fb9c7aa, org.springframework.boot.test.autoconfigure.web.servlet.MockMvcPrintOnlyOnFailureTestExecutionListener@4c398c80, org.springframework.boot.test.autoconfigure.web.servlet.WebDriverTestExecutionListener@7fc6de5b, org.springframework.boot.test.autoconfigure.webservices.client.MockWebServiceServerTestExecutionListener@21baa903, org.springframework.boot.test.mock.mockito.ResetMocksTestExecutionListener@607fbe09]
19:48:24.252 [Test worker] DEBUG org.springframework.test.context.support.AbstractDirtiesContextTestExecutionListener - Before test class: context [DefaultTestContext@56a4479a testClass = CiCdApplicationTests, testInstance = [null], testMethod = [null], testException = [null], mergedContextConfiguration = [WebMergedContextConfiguration@62163b39 testClass = CiCdApplicationTests, locations = '{}', classes = '{class src.main.java.com.example.cicd.CiCdApplication}', contextInitializerClasses = '[]', activeProfiles = '{}', propertySourceLocations = '{}', propertySourceProperties = '{org.springframework.boot.test.context.SpringBootTestContextBootstrapper=true}', contextCustomizers = set[org.springframework.boot.test.autoconfigure.actuate.metrics.MetricsExportContextCustomizerFactory$DisableMetricExportContextCustomizer@19c65cdc, org.springframework.boot.test.autoconfigure.properties.PropertyMappingContextCustomizer@0, org.springframework.boot.test.autoconfigure.web.servlet.WebDriverContextCustomizerFactory$Customizer@2c78d320, org.springframework.boot.test.context.filter.ExcludeFilterContextCustomizer@6cc558c6, org.springframework.boot.test.json.DuplicateJsonObjectContextCustomizerFactory$DuplicateJsonObjectContextCustomizer@7c8c9a05, org.springframework.boot.test.mock.mockito.MockitoContextCustomizer@0, org.springframework.boot.test.web.client.TestRestTemplateContextCustomizer@3b7d3a38, org.springframework.boot.test.context.SpringBootTestArgs@1, org.springframework.boot.test.context.SpringBootTestWebEnvironment@6ff29830], resourceBasePath = 'src/main/webapp', contextLoader = 'org.springframework.boot.test.context.SpringBootContextLoader', parent = [null]], attributes = map['org.springframework.test.context.web.ServletTestExecutionListener.activateListener' -> true]], class annotated with @DirtiesContext [false] with mode [null].

  .   ____          _            __ _ _
 /\\ / ___'_ __ _ _(_)_ __  __ _ \ \ \ \
( ( )\___ | '_ | '_| | '_ \/ _` | \ \ \ \
 \\/  ___)| |_)| | | | | || (_| |  ) ) ) )
  '  |____| .__|_| |_|_| |_\__, | / / / /
 =========|_|==============|___/=/_/_/_/
 :: Spring Boot ::                (v2.7.7)

2023-03-26 19:48:25.255  INFO 83237 --- [    Test worker] com.example.cicd.CiCdApplicationTests    : Starting CiCdApplicationTests using Java 17.0.5 on gimmyeonghyeon-ui-MacBookAir.local with PID 83237 (started by myunghyunnero in /Users/myunghyunnero/CI-CD-Pratice)
2023-03-26 19:48:25.259  INFO 83237 --- [    Test worker] com.example.cicd.CiCdApplicationTests    : No active profile set, falling back to 1 default profile: "default"
2023-03-26 19:48:27.370  INFO 83237 --- [    Test worker] .s.d.r.c.RepositoryConfigurationDelegate : Bootstrapping Spring Data JPA repositories in DEFAULT mode.
2023-03-26 19:48:27.419  INFO 83237 --- [    Test worker] .s.d.r.c.RepositoryConfigurationDelegate : Finished Spring Data repository scanning in 29 ms. Found 0 JPA repository interfaces.
2023-03-26 19:48:29.316  INFO 83237 --- [    Test worker] com.zaxxer.hikari.HikariDataSource       : HikariPool-1 - Starting...
2023-03-26 19:48:29.608  INFO 83237 --- [    Test worker] com.zaxxer.hikari.HikariDataSource       : HikariPool-1 - Start completed.
2023-03-26 19:48:29.778  INFO 83237 --- [    Test worker] o.hibernate.jpa.internal.util.LogHelper  : HHH000204: Processing PersistenceUnitInfo [name: default]
2023-03-26 19:48:29.844  INFO 83237 --- [    Test worker] org.hibernate.Version                    : HHH000412: Hibernate ORM core version 5.6.14.Final
2023-03-26 19:48:30.111  INFO 83237 --- [    Test worker] o.hibernate.annotations.common.Version   : HCANN000001: Hibernate Commons Annotations {5.1.2.Final}
2023-03-26 19:48:30.401  INFO 83237 --- [    Test worker] org.hibernate.dialect.Dialect            : HHH000400: Using dialect: org.hibernate.dialect.MySQL8Dialect
2023-03-26 19:48:30.630  INFO 83237 --- [    Test worker] o.h.e.t.j.p.i.JtaPlatformInitiator       : HHH000490: Using JtaPlatform implementation: [org.hibernate.engine.transaction.jta.platform.internal.NoJtaPlatform]
2023-03-26 19:48:30.641  INFO 83237 --- [    Test worker] j.LocalContainerEntityManagerFactoryBean : Initialized JPA EntityManagerFactory for persistence unit 'default'
2023-03-26 19:48:31.297  WARN 83237 --- [    Test worker] JpaBaseConfiguration$JpaWebConfiguration : spring.jpa.open-in-view is enabled by default. Therefore, database queries may be performed during view rendering. Explicitly configure spring.jpa.open-in-view to disable this warning
2023-03-26 19:48:32.191  INFO 83237 --- [    Test worker] com.example.cicd.CiCdApplicationTests    : Started CiCdApplicationTests in 7.861 seconds (JVM running for 9.779)
]]></system-out>
  <system-err><![CDATA[]]></system-err>
</testsuite>
